# JRE version: OpenJDK Runtime Environment Temurin-17.0.10+7 (17.0.10+7) (build 17.0.10+7)
# Java VM: OpenJDK 64-Bit Server VM Temurin-17.0.10+7 (17.0.10+7, mixed mode, tiered, compressed oops, compressed class ptrs, g1 gc, windows-amd64)
GC Precious Log:
 CPUs: 4 total, 4 available
 Memory: 7916M
 Large Page Support: Disabled
 NUMA Support: Disabled
 Compressed Oops: Enabled (32-bit)
 Heap Region Size: 1M
 Heap Min Capacity: 8M
 Heap Initial Capacity: 124M
 Heap Max Capacity: 1980M
 Pre-touch: Disabled
 Parallel Workers: 4
 Concurrent Workers: 1
 Concurrent Refinement Workers: 4
 Periodic GC: Disabled
Heap:
 garbage-first heap   total 237568K, used 111327K [0x0000000084400000, 0x0000000100000000)
  region size 1024K, 89 young (91136K), 4 survivors (4096K)
 Metaspace       used 15261K, committed 15488K, reserved 1114112K
  class space    used 1546K, committed 1664K, reserved 1048576K
GC Heap History (10 events):
Event: 0.271 GC heap before
{Heap before GC invocations=0 (full 0):
 garbage-first heap   total 126976K, used 13312K [0x0000000084400000, 0x0000000100000000)
  region size 1024K, 13 young (13312K), 0 survivors (0K)
 Metaspace       used 7016K, committed 7168K, reserved 1114112K
  class space    used 621K, committed 704K, reserved 1048576K
}
Event: 0.276 GC heap after
{Heap after GC invocations=1 (full 0):
 garbage-first heap   total 126976K, used 2608K [0x0000000084400000, 0x0000000100000000)
  region size 1024K, 2 young (2048K), 2 survivors (2048K)
 Metaspace       used 7016K, committed 7168K, reserved 1114112K
  class space    used 621K, committed 704K, reserved 1048576K
}
Event: 0.310 GC heap before
{Heap before GC invocations=1 (full 0):
 garbage-first heap   total 126976K, used 18992K [0x0000000084400000, 0x0000000100000000)
  region size 1024K, 18 young (18432K), 2 survivors (2048K)
 Metaspace       used 7017K, committed 7168K, reserved 1114112K
  class space    used 621K, committed 704K, reserved 1048576K
}
Event: 0.315 GC heap after
{Heap after GC invocations=2 (full 0):
 garbage-first heap   total 126976K, used 3036K [0x0000000084400000, 0x0000000100000000)
  region size 1024K, 1 young (1024K), 1 survivors (1024K)
 Metaspace       used 7017K, committed 7168K, reserved 1114112K
  class space    used 621K, committed 704K, reserved 1048576K
}
Event: 0.408 GC heap before
{Heap before GC invocations=2 (full 0):
 garbage-first heap   total 126976K, used 77788K [0x0000000084400000, 0x0000000100000000)
  region size 1024K, 74 young (75776K), 1 survivors (1024K)
 Metaspace       used 7017K, committed 7168K, reserved 1114112K
  class space    used 621K, committed 704K, reserved 1048576K
}
Event: 0.411 GC heap after
{Heap after GC invocations=3 (full 0):
 garbage-first heap   total 126976K, used 3936K [0x0000000084400000, 0x0000000100000000)
  region size 1024K, 2 young (2048K), 2 survivors (2048K)
 Metaspace       used 7017K, committed 7168K, reserved 1114112K
  class space    used 621K, committed 704K, reserved 1048576K
}
Event: 0.440 GC heap before
{Heap before GC invocations=3 (full 0):
 garbage-first heap   total 126976K, used 77664K [0x0000000084400000, 0x0000000100000000)
  region size 1024K, 74 young (75776K), 2 survivors (2048K)
 Metaspace       used 7019K, committed 7168K, reserved 1114112K
  class space    used 621K, committed 704K, reserved 1048576K
}
Event: 0.444 GC heap after
{Heap after GC invocations=4 (full 0):
 garbage-first heap   total 126976K, used 4703K [0x0000000084400000, 0x0000000100000000)
  region size 1024K, 2 young (2048K), 2 survivors (2048K)
 Metaspace       used 7019K, committed 7168K, reserved 1114112K
  class space    used 621K, committed 704K, reserved 1048576K
}
Event: 0.472 GC heap before
{Heap before GC invocations=4 (full 0):
 garbage-first heap   total 126976K, used 78431K [0x0000000084400000, 0x0000000100000000)
  region size 1024K, 74 young (75776K), 2 survivors (2048K)
 Metaspace       used 7019K, committed 7168K, reserved 1114112K
  class space    used 621K, committed 704K, reserved 1048576K
}
Event: 0.481 GC heap after
{Heap after GC invocations=5 (full 0):
 garbage-first heap   total 237568K, used 5855K [0x0000000084400000, 0x0000000100000000)
  region size 1024K, 4 young (4096K), 4 survivors (4096K)
 Metaspace       used 7019K, committed 7168K, reserved 1114112K
  class space    used 621K, committed 704K, reserved 1048576K
}

